2017-06-15 19:18:40 [10.100.43.21][-][-][error][yii\web\HttpException:404] yii\web\NotFoundHttpException: Page not found. in /home/rtilte/yii2/vendor/yiisoft/yii2/web/Request.php:195
Stack trace:
#0 /home/rtilte/yii2/vendor/yiisoft/yii2/web/Application.php(82): yii\web\Request->resolve()
#1 /home/rtilte/yii2/vendor/yiisoft/yii2/base/Application.php(379): yii\web\Application->handleRequest(Object(yii\web\Request))
#2 /home/rtilte/yii2/api/web/index.php(14): yii\base\Application->run()
#3 {main}
2017-06-15 19:18:39 [10.100.43.21][-][-][info][application] $_SERVER = [
    'USER' => 'www-data'
    'HOME' => '/var/www'
    'HTTP_ACCEPT_LANGUAGE' => 'en-GB,en;q=0.8,en-US;q=0.6,fr;q=0.4'
    'HTTP_ACCEPT_ENCODING' => 'gzip, deflate, sdch'
    'HTTP_ACCEPT' => 'text/html,application/xhtml+xml,application/xml;q=0.9,image/webp,*/*;q=0.8'
    'HTTP_USER_AGENT' => 'Mozilla/5.0 (X11; Linux x86_64) AppleWebKit/537.36 (KHTML, like Gecko) Chrome/58.0.3029.110 Safari/537.36'
    'HTTP_UPGRADE_INSECURE_REQUESTS' => '1'
    'HTTP_CACHE_CONTROL' => 'max-age=0'
    'HTTP_CONNECTION' => 'keep-alive'
    'HTTP_HOST' => 'microapi'
    'SCRIPT_FILENAME' => '/home/rtilte/yii2/api/web/index.php'
    'REDIRECT_STATUS' => '200'
    'SERVER_NAME' => 'microapi'
    'SERVER_PORT' => '80'
    'SERVER_ADDR' => '10.100.42.238'
    'REMOTE_PORT' => '58698'
    'REMOTE_ADDR' => '10.100.43.21'
    'SERVER_SOFTWARE' => 'nginx/1.10.0'
    'GATEWAY_INTERFACE' => 'CGI/1.1'
    'REQUEST_SCHEME' => 'http'
    'SERVER_PROTOCOL' => 'HTTP/1.1'
    'DOCUMENT_ROOT' => '/home/rtilte/yii2/api/web'
    'DOCUMENT_URI' => '/index.php'
    'REQUEST_URI' => '/v1'
    'SCRIPT_NAME' => '/index.php'
    'CONTENT_LENGTH' => ''
    'CONTENT_TYPE' => ''
    'REQUEST_METHOD' => 'GET'
    'QUERY_STRING' => ''
    'FCGI_ROLE' => 'RESPONDER'
    'PHP_SELF' => '/index.php'
    'REQUEST_TIME_FLOAT' => 1497554319.9893
    'REQUEST_TIME' => 1497554319
]
2017-06-15 19:18:40 [10.100.43.21][-][-][error][yii\web\HttpException:404] yii\web\NotFoundHttpException: Page not found. in /home/rtilte/yii2/vendor/yiisoft/yii2/web/Request.php:195
Stack trace:
#0 /home/rtilte/yii2/vendor/yiisoft/yii2/web/Application.php(82): yii\web\Request->resolve()
#1 /home/rtilte/yii2/vendor/yiisoft/yii2/base/Application.php(379): yii\web\Application->handleRequest(Object(yii\web\Request))
#2 /home/rtilte/yii2/api/web/index.php(14): yii\base\Application->run()
#3 {main}
2017-06-15 19:18:40 [10.100.43.21][-][-][info][application] $_SERVER = [
    'USER' => 'www-data'
    'HOME' => '/var/www'
    'HTTP_ACCEPT_LANGUAGE' => 'en-GB,en;q=0.8,en-US;q=0.6,fr;q=0.4'
    'HTTP_ACCEPT_ENCODING' => 'gzip, deflate, sdch'
    'HTTP_REFERER' => 'http://microapi/v1'
    'HTTP_ACCEPT' => 'image/webp,image/*,*/*;q=0.8'
    'HTTP_USER_AGENT' => 'Mozilla/5.0 (X11; Linux x86_64) AppleWebKit/537.36 (KHTML, like Gecko) Chrome/58.0.3029.110 Safari/537.36'
    'HTTP_CACHE_CONTROL' => 'no-cache'
    'HTTP_PRAGMA' => 'no-cache'
    'HTTP_CONNECTION' => 'keep-alive'
    'HTTP_HOST' => 'microapi'
    'SCRIPT_FILENAME' => '/home/rtilte/yii2/api/web/index.php'
    'REDIRECT_STATUS' => '200'
    'SERVER_NAME' => 'microapi'
    'SERVER_PORT' => '80'
    'SERVER_ADDR' => '10.100.42.238'
    'REMOTE_PORT' => '58698'
    'REMOTE_ADDR' => '10.100.43.21'
    'SERVER_SOFTWARE' => 'nginx/1.10.0'
    'GATEWAY_INTERFACE' => 'CGI/1.1'
    'REQUEST_SCHEME' => 'http'
    'SERVER_PROTOCOL' => 'HTTP/1.1'
    'DOCUMENT_ROOT' => '/home/rtilte/yii2/api/web'
    'DOCUMENT_URI' => '/index.php'
    'REQUEST_URI' => '/favicon.ico'
    'SCRIPT_NAME' => '/index.php'
    'CONTENT_LENGTH' => ''
    'CONTENT_TYPE' => ''
    'REQUEST_METHOD' => 'GET'
    'QUERY_STRING' => ''
    'FCGI_ROLE' => 'RESPONDER'
    'PHP_SELF' => '/index.php'
    'REQUEST_TIME_FLOAT' => 1497554320.0728
    'REQUEST_TIME' => 1497554320
]
2017-06-15 19:19:27 [10.100.43.21][-][-][error][yii\base\ErrorException:8] yii\base\ErrorException: Undefined variable: i in /home/rtilte/yii2/api/modules/v1/controllers/HelloController.php:16
Stack trace:
#0 /home/rtilte/yii2/api/modules/v1/controllers/HelloController.php(16): yii\base\ErrorHandler->handleError(8, 'Undefined varia...', '/home/rtilte/yi...', 16, Array)
#1 [internal function]: api\modules\v1\controllers\HelloController->actionView('renaud')
#2 /home/rtilte/yii2/vendor/yiisoft/yii2/base/InlineAction.php(57): call_user_func_array(Array, Array)
#3 /home/rtilte/yii2/vendor/yiisoft/yii2/base/Controller.php(156): yii\base\InlineAction->runWithParams(Array)
#4 /home/rtilte/yii2/vendor/yiisoft/yii2/base/Module.php(523): yii\base\Controller->runAction('view', Array)
#5 /home/rtilte/yii2/vendor/yiisoft/yii2/web/Application.php(102): yii\base\Module->runAction('v1/hello/view', Array)
#6 /home/rtilte/yii2/vendor/yiisoft/yii2/base/Application.php(379): yii\web\Application->handleRequest(Object(yii\web\Request))
#7 /home/rtilte/yii2/api/web/index.php(14): yii\base\Application->run()
#8 {main}
2017-06-15 19:19:27 [10.100.43.21][-][-][info][application] $_GET = [
    'id' => 'renaud'
]

$_SERVER = [
    'USER' => 'www-data'
    'HOME' => '/var/www'
    'HTTP_ACCEPT_LANGUAGE' => 'en-GB,en;q=0.8,en-US;q=0.6,fr;q=0.4'
    'HTTP_ACCEPT_ENCODING' => 'gzip, deflate, sdch'
    'HTTP_ACCEPT' => 'text/html,application/xhtml+xml,application/xml;q=0.9,image/webp,*/*;q=0.8'
    'HTTP_USER_AGENT' => 'Mozilla/5.0 (X11; Linux x86_64) AppleWebKit/537.36 (KHTML, like Gecko) Chrome/58.0.3029.110 Safari/537.36'
    'HTTP_UPGRADE_INSECURE_REQUESTS' => '1'
    'HTTP_CONNECTION' => 'keep-alive'
    'HTTP_HOST' => 'microapi'
    'SCRIPT_FILENAME' => '/home/rtilte/yii2/api/web/index.php'
    'REDIRECT_STATUS' => '200'
    'SERVER_NAME' => 'microapi'
    'SERVER_PORT' => '80'
    'SERVER_ADDR' => '10.100.42.238'
    'REMOTE_PORT' => '58698'
    'REMOTE_ADDR' => '10.100.43.21'
    'SERVER_SOFTWARE' => 'nginx/1.10.0'
    'GATEWAY_INTERFACE' => 'CGI/1.1'
    'REQUEST_SCHEME' => 'http'
    'SERVER_PROTOCOL' => 'HTTP/1.1'
    'DOCUMENT_ROOT' => '/home/rtilte/yii2/api/web'
    'DOCUMENT_URI' => '/index.php'
    'REQUEST_URI' => '/v1/hello/renaud'
    'SCRIPT_NAME' => '/index.php'
    'CONTENT_LENGTH' => ''
    'CONTENT_TYPE' => ''
    'REQUEST_METHOD' => 'GET'
    'QUERY_STRING' => ''
    'FCGI_ROLE' => 'RESPONDER'
    'PHP_SELF' => '/index.php'
    'REQUEST_TIME_FLOAT' => 1497554367.3852
    'REQUEST_TIME' => 1497554367
]
2017-06-15 19:21:44 [10.100.43.21][-][-][error][yii\base\ErrorException:8] yii\base\ErrorException: Undefined variable: i in /home/rtilte/yii2/api/modules/v1/controllers/HelloController.php:16
Stack trace:
#0 /home/rtilte/yii2/api/modules/v1/controllers/HelloController.php(16): yii\base\ErrorHandler->handleError(8, 'Undefined varia...', '/home/rtilte/yi...', 16, Array)
#1 [internal function]: api\modules\v1\controllers\HelloController->actionView('renaud')
#2 /home/rtilte/yii2/vendor/yiisoft/yii2/base/InlineAction.php(57): call_user_func_array(Array, Array)
#3 /home/rtilte/yii2/vendor/yiisoft/yii2/base/Controller.php(156): yii\base\InlineAction->runWithParams(Array)
#4 /home/rtilte/yii2/vendor/yiisoft/yii2/base/Module.php(523): yii\base\Controller->runAction('view', Array)
#5 /home/rtilte/yii2/vendor/yiisoft/yii2/web/Application.php(102): yii\base\Module->runAction('v1/hello/view', Array)
#6 /home/rtilte/yii2/vendor/yiisoft/yii2/base/Application.php(379): yii\web\Application->handleRequest(Object(yii\web\Request))
#7 /home/rtilte/yii2/api/web/index.php(14): yii\base\Application->run()
#8 {main}
2017-06-15 19:21:44 [10.100.43.21][-][-][info][application] $_GET = [
    'id' => 'renaud'
]

$_SERVER = [
    'USER' => 'www-data'
    'HOME' => '/var/www'
    'HTTP_ACCEPT_LANGUAGE' => 'en-GB,en;q=0.8,en-US;q=0.6,fr;q=0.4'
    'HTTP_ACCEPT_ENCODING' => 'gzip, deflate, sdch'
    'HTTP_ACCEPT' => 'text/html,application/xhtml+xml,application/xml;q=0.9,image/webp,*/*;q=0.8'
    'HTTP_USER_AGENT' => 'Mozilla/5.0 (X11; Linux x86_64) AppleWebKit/537.36 (KHTML, like Gecko) Chrome/58.0.3029.110 Safari/537.36'
    'HTTP_UPGRADE_INSECURE_REQUESTS' => '1'
    'HTTP_CACHE_CONTROL' => 'max-age=0'
    'HTTP_CONNECTION' => 'keep-alive'
    'HTTP_HOST' => 'microapi'
    'SCRIPT_FILENAME' => '/home/rtilte/yii2/api/web/index.php'
    'REDIRECT_STATUS' => '200'
    'SERVER_NAME' => 'microapi'
    'SERVER_PORT' => '80'
    'SERVER_ADDR' => '10.100.42.238'
    'REMOTE_PORT' => '58746'
    'REMOTE_ADDR' => '10.100.43.21'
    'SERVER_SOFTWARE' => 'nginx/1.10.0'
    'GATEWAY_INTERFACE' => 'CGI/1.1'
    'REQUEST_SCHEME' => 'http'
    'SERVER_PROTOCOL' => 'HTTP/1.1'
    'DOCUMENT_ROOT' => '/home/rtilte/yii2/api/web'
    'DOCUMENT_URI' => '/index.php'
    'REQUEST_URI' => '/v1/hello/renaud'
    'SCRIPT_NAME' => '/index.php'
    'CONTENT_LENGTH' => ''
    'CONTENT_TYPE' => ''
    'REQUEST_METHOD' => 'GET'
    'QUERY_STRING' => ''
    'FCGI_ROLE' => 'RESPONDER'
    'PHP_SELF' => '/index.php'
    'REQUEST_TIME_FLOAT' => 1497554504.0516
    'REQUEST_TIME' => 1497554504
]
2017-06-15 19:22:18 [10.100.43.21][-][-][error][yii\web\HttpException:404] yii\web\NotFoundHttpException: Page not found. in /home/rtilte/yii2/vendor/yiisoft/yii2/web/Request.php:195
Stack trace:
#0 /home/rtilte/yii2/vendor/yiisoft/yii2/web/Application.php(82): yii\web\Request->resolve()
#1 /home/rtilte/yii2/vendor/yiisoft/yii2/base/Application.php(379): yii\web\Application->handleRequest(Object(yii\web\Request))
#2 /home/rtilte/yii2/api/web/index.php(14): yii\base\Application->run()
#3 {main}
2017-06-15 19:22:18 [10.100.43.21][-][-][info][application] $_SERVER = [
    'USER' => 'www-data'
    'HOME' => '/var/www'
    'HTTP_ACCEPT_LANGUAGE' => 'en-GB,en;q=0.8,en-US;q=0.6,fr;q=0.4'
    'HTTP_ACCEPT_ENCODING' => 'gzip, deflate, sdch'
    'HTTP_ACCEPT' => 'text/html,application/xhtml+xml,application/xml;q=0.9,image/webp,*/*;q=0.8'
    'HTTP_USER_AGENT' => 'Mozilla/5.0 (X11; Linux x86_64) AppleWebKit/537.36 (KHTML, like Gecko) Chrome/58.0.3029.110 Safari/537.36'
    'HTTP_UPGRADE_INSECURE_REQUESTS' => '1'
    'HTTP_CONNECTION' => 'keep-alive'
    'HTTP_HOST' => 'microapi'
    'SCRIPT_FILENAME' => '/home/rtilte/yii2/api/web/index.php'
    'REDIRECT_STATUS' => '200'
    'SERVER_NAME' => 'microapi'
    'SERVER_PORT' => '80'
    'SERVER_ADDR' => '10.100.42.238'
    'REMOTE_PORT' => '58746'
    'REMOTE_ADDR' => '10.100.43.21'
    'SERVER_SOFTWARE' => 'nginx/1.10.0'
    'GATEWAY_INTERFACE' => 'CGI/1.1'
    'REQUEST_SCHEME' => 'http'
    'SERVER_PROTOCOL' => 'HTTP/1.1'
    'DOCUMENT_ROOT' => '/home/rtilte/yii2/api/web'
    'DOCUMENT_URI' => '/index.php'
    'REQUEST_URI' => '/v1/hello/'
    'SCRIPT_NAME' => '/index.php'
    'CONTENT_LENGTH' => ''
    'CONTENT_TYPE' => ''
    'REQUEST_METHOD' => 'GET'
    'QUERY_STRING' => ''
    'FCGI_ROLE' => 'RESPONDER'
    'PHP_SELF' => '/index.php'
    'REQUEST_TIME_FLOAT' => 1497554538.4104
    'REQUEST_TIME' => 1497554538
]
